[debug] [2020-06-12T16:06:00.360Z] ----------------------------------------------------------------------
[debug] [2020-06-12T16:06:00.365Z] Command:       /usr/bin/node /usr/local/bin/firebase serve
[debug] [2020-06-12T16:06:00.367Z] CLI Version:   8.4.2
[debug] [2020-06-12T16:06:00.368Z] Platform:      linux
[debug] [2020-06-12T16:06:00.368Z] Node Version:  v10.19.0
[debug] [2020-06-12T16:06:00.369Z] Time:          Fri Jun 12 2020 21:36:00 GMT+0530 (India Standard Time)
[debug] [2020-06-12T16:06:00.369Z] ----------------------------------------------------------------------
[debug] [2020-06-12T16:06:00.370Z] 
[debug] [2020-06-12T16:06:00.388Z] > command requires scopes: ["email","openid","https://www.googleapis.com/auth/cloudplatformprojects.readonly","https://www.googleapis.com/auth/firebase","https://www.googleapis.com/auth/cloud-platform"]
[debug] [2020-06-12T16:06:00.389Z] > authorizing via signed-in user
[debug] [2020-06-12T16:06:00.390Z] [iam] checking project news-app-21a45 for permissions ["firebase.projects.get"]
[debug] [2020-06-12T16:06:00.397Z] >>> HTTP REQUEST POST https://cloudresourcemanager.googleapis.com/v1/projects/news-app-21a45:testIamPermissions  
 {"permissions":["firebase.projects.get"]}
[debug] [2020-06-12T16:06:13.044Z] <<< HTTP RESPONSE 200 {"content-type":"application/json; charset=UTF-8","vary":"X-Origin, Referer, Origin,Accept-Encoding","date":"Fri, 12 Jun 2020 16:06:12 GMT","server":"ESF","cache-control":"private","x-xss-protection":"0","x-frame-options":"SAMEORIGIN","x-content-type-options":"nosniff","server-timing":"gfet4t7; dur=1353","alt-svc":"h3-27=\":443\"; ma=2592000,h3-25=\":443\"; ma=2592000,h3-T050=\":443\"; ma=2592000,h3-Q050=\":443\"; ma=2592000,h3-Q049=\":443\"; ma=2592000,h3-Q048=\":443\"; ma=2592000,h3-Q046=\":443\"; ma=2592000,h3-Q043=\":443\"; ma=2592000,quic=\":443\"; ma=2592000; v=\"46,43\"","accept-ranges":"none","transfer-encoding":"chunked"}
[debug] [2020-06-12T16:06:13.051Z] >>> HTTP REQUEST GET https://firebase.googleapis.com/v1beta1/projects/news-app-21a45  
 
[debug] [2020-06-12T16:06:15.677Z] <<< HTTP RESPONSE 200 {"content-type":"application/json; charset=UTF-8","vary":"X-Origin, Referer, Origin,Accept-Encoding","date":"Fri, 12 Jun 2020 16:06:14 GMT","server":"ESF","cache-control":"private","x-xss-protection":"0","x-frame-options":"SAMEORIGIN","x-content-type-options":"nosniff","alt-svc":"h3-27=\":443\"; ma=2592000,h3-25=\":443\"; ma=2592000,h3-T050=\":443\"; ma=2592000,h3-Q050=\":443\"; ma=2592000,h3-Q049=\":443\"; ma=2592000,h3-Q048=\":443\"; ma=2592000,h3-Q046=\":443\"; ma=2592000,h3-Q043=\":443\"; ma=2592000,quic=\":443\"; ma=2592000; v=\"46,43\"","accept-ranges":"none","transfer-encoding":"chunked"}
[info] 
[info] === Serving from '/home/vinayak/Flipkart/News-WebApp/news-app'...
[info] 
[debug] [2020-06-12T16:06:15.685Z] >>> HTTP REQUEST GET https://firebase.googleapis.com/v1beta1/projects/news-app-21a45/webApps/-/config  
 
[debug] [2020-06-12T16:06:18.402Z] <<< HTTP RESPONSE 200 {"content-type":"application/json; charset=UTF-8","vary":"X-Origin, Referer, Origin,Accept-Encoding","date":"Fri, 12 Jun 2020 16:06:17 GMT","server":"ESF","cache-control":"private","x-xss-protection":"0","x-frame-options":"SAMEORIGIN","x-content-type-options":"nosniff","alt-svc":"h3-27=\":443\"; ma=2592000,h3-25=\":443\"; ma=2592000,h3-T050=\":443\"; ma=2592000,h3-Q050=\":443\"; ma=2592000,h3-Q049=\":443\"; ma=2592000,h3-Q048=\":443\"; ma=2592000,h3-Q046=\":443\"; ma=2592000,h3-Q043=\":443\"; ma=2592000,quic=\":443\"; ma=2592000; v=\"46,43\"","accept-ranges":"none","transfer-encoding":"chunked"}
[info] i  hosting: Serving hosting files from: build {"metadata":{"emulator":{"name":"hosting"},"message":"Serving hosting files from: \u001b[1mbuild\u001b[22m"}}
[info] ✔  hosting: Local server: http://localhost:5000 {"metadata":{"emulator":{"name":"hosting"},"message":"Local server: \u001b[4m\u001b[1mhttp://localhost:5000\u001b[22m\u001b[24m"}}
